#
# A fatal error has been detected by the Java Runtime Environment:
#
#  SIGSEGV (0xb) at pc=0x0000000109c01d7d, pid=88927, tid=42755
#
# JRE version: Java(TM) SE Runtime Environment (14.0.1+7) (build 14.0.1+7)
# Java VM: Java HotSpot(TM) 64-Bit Server VM (14.0.1+7, mixed mode, sharing, tiered, compressed oops, parallel gc, bsd-amd64)
# Problematic frame:
# V  [libjvm.dylib+0x201d7d]  _ZN14CompiledMethod26cleanup_inline_caches_implEbb+0x14d
#
# No core dump will be written. Core dumps have been disabled. To enable core dumping, try "ulimit -c unlimited" before starting Java again
#
# If you would like to submit a bug report, please visit:
#   https://bugreport.java.com/bugreport/crash.jsp
#

---------------  S U M M A R Y ------------

Command Line: --add-modules=ALL-SYSTEM --add-opens=java.base/java.util=ALL-UNNAMED --add-opens=java.base/java.lang=ALL-UNNAMED -Declipse.application=org.eclipse.jdt.ls.core.id1 -Dosgi.bundles.defaultStartLevel=4 -Declipse.product=org.eclipse.jdt.ls.core.product -Dfile.encoding=utf8 -XX:+UseParallelGC -XX:GCTimeRatio=4 -XX:AdaptiveSizePolicyWeight=90 -Dsun.zip.disableMemoryMapping=true -Xmx1G -Xms100m /Users/apple/.vscode/extensions/redhat.java-0.69.0/server/plugins/org.eclipse.equinox.launcher_1.5.800.v20200727-1323.jar -configuration /Users/apple/Library/Application Support/Code/User/globalStorage/redhat.java/0.69.0/config_mac -data /Users/apple/Library/Application Support/Code/User/workspaceStorage/96788df81b4b852034d273cb3a2b4e99/redhat.java/jdt_ws

Host: MacBookPro9,2 x86_64 2500 MHz, 4 cores, 8G, Darwin 19.5.0
Time: Wed Oct 28 11:23:35 2020 IST elapsed time: 33791 seconds (0d 9h 23m 11s)

---------------  T H R E A D  ---------------

Current thread (0x00007fd30980f800):  JavaThread "Sweeper thread" daemon [_thread_in_vm, id=42755, stack(0x000070000ee98000,0x000070000ef98000)]

Stack: [0x000070000ee98000,0x000070000ef98000],  sp=0x000070000ef97b00,  free space=1022k
Native frames: (J=compiled Java code, A=aot compiled Java code, j=interpreted, Vv=VM code, C=native code)
V  [libjvm.dylib+0x201d7d]  _ZN14CompiledMethod26cleanup_inline_caches_implEbb+0x14d
V  [libjvm.dylib+0x201f77]  _ZN14CompiledMethod21cleanup_inline_cachesEb+0x33
V  [libjvm.dylib+0x6ad00f]  _ZN14NMethodSweeper23process_compiled_methodEP14CompiledMethod+0xdb
V  [libjvm.dylib+0x6acafa]  _ZN14NMethodSweeper16sweep_code_cacheEv+0x13e
V  [libjvm.dylib+0x6ac76d]  _ZN14NMethodSweeper14possibly_sweepEv+0xeb
V  [libjvm.dylib+0x6ac680]  _ZN14NMethodSweeper12sweeper_loopEv+0x82
V  [libjvm.dylib+0x6ed14a]  _ZN10JavaThread17thread_main_innerEv+0x86
V  [libjvm.dylib+0x6ecf88]  _ZN10JavaThread3runEv+0x118
V  [libjvm.dylib+0x6eadcf]  _ZN6Thread8call_runEv+0x71
V  [libjvm.dylib+0x5e97a0]  _ZL19thread_native_entryP6Thread+0x129
C  [libsystem_pthread.dylib+0x6109]  _pthread_start+0x94
C  [libsystem_pthread.dylib+0x1b8b]  thread_start+0xf


siginfo: si_signo: 11 (SIGSEGV), si_code: 1 (SEGV_MAPERR), si_addr: 0xfffffbe900000000

Register to memory mapping:

RAX=0xfffffbe900000000 is an unknown value
RBX=0xfffffbe900000000 is an unknown value
RCX=0xfffffbe900000000 is an unknown value
RDX=0x0 is NULL
RSP=0x000070000ef97b00 is pointing into the stack for thread: 0x00007fd30980f800
RBP=0x000070000ef97c00 is pointing into the stack for thread: 0x00007fd30980f800
RSI=0x0 is NULL
RDI=0x000000011a53a189 is at entry_point+7401 in (nmethod*)0x000000011a538110
R8 =0x000000011a5383ec is at entry_point+-180 in (nmethod*)0x000000011a538110
R9 =0xffffffff00000000 is an unknown value
R10=0x00007fd30960c3f8 points into unknown readable memory: c6 3f 07 00 00 00 00 00
R11=0x0000000000000246 is an unknown value
R12=0x000070000ef97b00 is pointing into the stack for thread: 0x00007fd30980f800
R13=0x000000011a538110 is at entry_point+-912 in (nmethod*)0x000000011a538110
R14=0x0 is NULL
R15=0x000000000000000c is an unknown value


Registers:
RAX=0xfffffbe900000000, RBX=0xfffffbe900000000, RCX=0xfffffbe900000000, RDX=0x0000000000000000
RSP=0x000070000ef97b00, RBP=0x000070000ef97c00, RSI=0x0000000000000000, RDI=0x000000011a53a189
R8 =0x000000011a5383ec, R9 =0xffffffff00000000, R10=0x00007fd30960c3f8, R11=0x0000000000000246
R12=0x000070000ef97b00, R13=0x000000011a538110, R14=0x0000000000000000, R15=0x000000000000000c
RIP=0x0000000109c01d7d, EFLAGS=0x0000000000010286, ERR=0x0000000000000004
  TRAPNO=0x000000000000000e

Top of Stack: (sp=0x000070000ef97b00)
0x000070000ef97b00:   0000000000000000 000000011a5383f0
0x000070000ef97b10:   000000011a538488 000000011a538110
0x000070000ef97b20:   000000011a53a189 000000000000000a
0x000070000ef97b30:   000000011a5383ec 0000000109ff0000
0x000070000ef97b40:   000000011a5384a0 000000011a5384a0
0x000070000ef97b50:   000000011a53a180 000000011a5384a0
0x000070000ef97b60:   000000011a53a180 000000011a53a280
0x000070000ef97b70:   000000010a2f0728 000070000ef97b00
0x000070000ef97b80:   0000000000000000 00007fd300000000
0x000070000ef97b90:   0000000000000000 00007fd309418f90
0x000070000ef97ba0:   00007fd309715cf0 00007fd309715d00
0x000070000ef97bb0:   00007fd3097160d8 00000000000003d8
0x000070000ef97bc0:   000000010a2f0728 00007fd309715ec0
0x000070000ef97bd0:   0000000000000000 000000011a538110
0x000070000ef97be0:   00000000000024e0 000000011a538110
0x000070000ef97bf0:   000070000ef97c18 0000000000000000
0x000070000ef97c00:   000070000ef97c60 0000000109c01f77
0x000070000ef97c10:   4197118e00000000 000000011a538110
0x000070000ef97c20:   00007fd309506340 0000000000000101
0x000070000ef97c30:   000070000ef97c60 000000011a538110
0x000070000ef97c40:   00000000000024e0 0000000000002730
0x000070000ef97c50:   0000000000000000 00007fd30980f800
0x000070000ef97c60:   000070000ef97c90 000000010a0ad00f
0x000070000ef97c70:   000000010a1ae09e 0000000000000001
0x000070000ef97c80:   00007fd3096098e0 000000011a538110
0x000070000ef97c90:   000070000ef97df0 000000010a0acafa
0x000070000ef97ca0:   0000000000000000 00007fd309418f90
0x000070000ef97cb0:   00007fd309715cf0 00007fd309715d00
0x000070000ef97cc0:   00007fd3097160d8 00000000000003d8
0x000070000ef97cd0:   000070000ef97d90 00007fff6931b0c3
0x000070000ef97ce0:   000000005f98f4cc 000000000001a0a7
0x000070000ef97cf0:   00007fd3096099b0 00001ebbb15ebdd4 

Instructions: (pc=0x0000000109c01d7d)
0x0000000109c01c7d:   8d 0d dd e9 6e 00 48 83 c1 10 4c 8d a5 00 ff ff
0x0000000109c01c8d:   ff 49 89 4c 24 70 49 c7 44 24 78 00 00 00 00 31
0x0000000109c01c9d:   c9 4c 89 e7 4c 89 ee 48 89 c2 e8 e4 19 44 00 4c
0x0000000109c01cad:   89 e7 e8 ac c3 fd ff b3 01 84 c0 0f 84 19 02 00
0x0000000109c01cbd:   00 44 89 7d d0 31 db 41 b7 0c 48 8d 05 4a ea 6e
0x0000000109c01ccd:   00 48 83 c0 10 48 89 45 c0 48 8b 85 08 ff ff ff
0x0000000109c01cdd:   0f b7 00 c1 e8 0c 44 38 f8 75 16 f6 c3 01 75 5f
0x0000000109c01ced:   4c 89 e7 e8 6b c3 fd ff 84 c0 75 dd e9 d7 01 00
0x0000000109c01cfd:   00 04 fe 3c 03 77 e9 0f b6 c0 48 8d 0d e6 01 00
0x0000000109c01d0d:   00 48 63 04 81 48 01 c8 ff e0 44 89 75 d4 45 84
0x0000000109c01d1d:   f6 0f 84 6e 01 00 00 bf 20 00 00 00 31 f6 e8 f6
0x0000000109c01d2d:   80 44 00 49 89 c6 4d 85 f6 0f 84 47 01 00 00 4c
0x0000000109c01d3d:   89 f7 4c 89 e6 e8 ff e1 ff ff e9 3a 01 00 00 48
0x0000000109c01d4d:   8b 45 c0 48 89 85 70 ff ff ff 4c 89 a5 78 ff ff
0x0000000109c01d5d:   ff 48 8d 9d 70 ff ff ff 48 89 df e8 7f 24 44 00
0x0000000109c01d6d:   48 89 df e8 eb 2a 44 00 48 89 c3 48 85 db 74 4d
0x0000000109c01d7d:   48 8b 03 48 89 df ff 50 10 84 c0 74 40 48 8b 43
0x0000000109c01d8d:   08 48 8b 40 08 48 8b 40 18 48 8b b8 98 00 00 00
0x0000000109c01d9d:   e8 cc 06 fd ff 84 c0 75 24 48 8d 9d 70 ff ff ff
0x0000000109c01dad:   48 89 df e8 85 2a 44 00 48 c7 00 00 00 00 00 83
0x0000000109c01dbd:   7d 80 00 74 08 48 89 df e8 bc 2a 44 00 31 db e9
0x0000000109c01dcd:   1c ff ff ff 44 89 75 d4 e9 b8 00 00 00 44 89 75
0x0000000109c01ddd:   d4 49 8b 45 00 4c 8b b0 00 02 00 00 4c 89 e7 e8
0x0000000109c01ded:   6b 1b 44 00 4c 89 ef 48 89 c6 41 ff d6 48 8b 08
0x0000000109c01dfd:   48 89 45 c8 48 89 c7 ff 11 48 89 c7 e8 5a dc fd
0x0000000109c01e0d:   ff 49 89 c6 4d 85 f6 74 64 49 8b 06 4c 89 f7 ff
0x0000000109c01e1d:   50 60 84 c0 74 57 80 7d d0 00 75 2d 49 8b 06 4c
0x0000000109c01e2d:   89 f7 ff 90 c0 00 00 00 84 c0 74 1d 49 8b 06 4c
0x0000000109c01e3d:   89 f7 ff 90 20 02 00 00 84 c0 75 0d 49 8b 46 70
0x0000000109c01e4d:   48 8b 40 40 4c 39 f0 74 24 49 8b 45 00 4c 89 ef
0x0000000109c01e5d:   ff 90 20 02 00 00 34 01 0f b6 f0 48 8b 7d c8 e8
0x0000000109c01e6d:   03 e6 ff ff eb 52 b3 01 e9 73 fe ff ff 44 8b 75 


Stack slot to memory mapping:
stack at sp + 0 slots: 0x0 is NULL
stack at sp + 1 slots: 0x000000011a5383f0 is at entry_point+-176 in (nmethod*)0x000000011a538110
stack at sp + 2 slots: 0x000000011a538488 is at entry_point+-24 in (nmethod*)0x000000011a538110
stack at sp + 3 slots: 0x000000011a538110 is at entry_point+-912 in (nmethod*)0x000000011a538110
stack at sp + 4 slots: 0x000000011a53a189 is at entry_point+7401 in (nmethod*)0x000000011a538110
stack at sp + 5 slots: 0x000000000000000a is an unknown value
stack at sp + 6 slots: 0x000000011a5383ec is at entry_point+-180 in (nmethod*)0x000000011a538110
stack at sp + 7 slots: 0x0000000109ff0000: _ZN2os13get_host_nameEPcm+0x24 in /Library/Java/JavaVirtualMachines/jdk-14.0.1.jdk/Contents/Home/lib/server/libjvm.dylib at 0x0000000109a00000


---------------  P R O C E S S  ---------------

Threads class SMR info:
_java_thread_list=0x00007fd30d7160a0, length=26, elements={
0x00007fd309808800, 0x00007fd30980c000, 0x00007fd309809800, 0x00007fd30b816000,
0x00007fd30b819800, 0x00007fd30980e800, 0x00007fd30b87d000, 0x00007fd30980f800,
0x00007fd30a820800, 0x00007fd30a822800, 0x00007fd30a0d7000, 0x00007fd30b8f4800,
0x00007fd30a0e6800, 0x00007fd30b9a2800, 0x00007fd30a9fb000, 0x00007fd30b9de800,
0x00007fd30aa09000, 0x00007fd309c4a000, 0x00007fd30f83d000, 0x00007fd30fab1800,
0x00007fd30a0d9800, 0x00007fd309a79000, 0x00007fd309a7a000, 0x00007fd30eff9800,
0x00007fd30e8eb000, 0x00007fd30bffd000
}

Java Threads: ( => current thread )
  0x00007fd309808800 JavaThread "main" [_thread_blocked, id=9987, stack(0x000070000e477000,0x000070000e577000)]
  0x00007fd30980c000 JavaThread "Reference Handler" daemon [_thread_blocked, id=12291, stack(0x000070000e780000,0x000070000e880000)]
  0x00007fd309809800 JavaThread "Finalizer" daemon [_thread_blocked, id=13059, stack(0x000070000e883000,0x000070000e983000)]
  0x00007fd30b816000 JavaThread "Signal Dispatcher" daemon [_thread_blocked, id=16387, stack(0x000070000ea8c000,0x000070000eb8c000)]
  0x00007fd30b819800 JavaThread "Service Thread" daemon [_thread_blocked, id=15875, stack(0x000070000eb8f000,0x000070000ec8f000)]
  0x00007fd30980e800 JavaThread "C2 CompilerThread0" daemon [_thread_blocked, id=14851, stack(0x000070000ec92000,0x000070000ed92000)]
  0x00007fd30b87d000 JavaThread "C1 CompilerThread0" daemon [_thread_blocked, id=21763, stack(0x000070000ed95000,0x000070000ee95000)]
=>0x00007fd30980f800 JavaThread "Sweeper thread" daemon [_thread_in_vm, id=42755, stack(0x000070000ee98000,0x000070000ef98000)]
  0x00007fd30a820800 JavaThread "Common-Cleaner" daemon [_thread_blocked, id=42243, stack(0x000070000ef9b000,0x000070000f09b000)]
  0x00007fd30a822800 JavaThread "Notification Thread" daemon [_thread_blocked, id=41731, stack(0x000070000f09e000,0x000070000f19e000)]
  0x00007fd30a0d7000 JavaThread "Active Thread: Equinox Container: e913bc2b-cfa4-41e3-85ed-f5c051cd5052" [_thread_blocked, id=40963, stack(0x000070000f3ce000,0x000070000f4ce000)]
  0x00007fd30b8f4800 JavaThread "Framework Event Dispatcher: Equinox Container: e913bc2b-cfa4-41e3-85ed-f5c051cd5052" daemon [_thread_blocked, id=23819, stack(0x000070000f2cb000,0x000070000f3cb000)]
  0x00007fd30a0e6800 JavaThread "Start Level: Equinox Container: e913bc2b-cfa4-41e3-85ed-f5c051cd5052" daemon [_thread_blocked, id=25091, stack(0x000070000f4d1000,0x000070000f5d1000)]
  0x00007fd30b9a2800 JavaThread "SCR Component Actor" daemon [_thread_blocked, id=29191, stack(0x000070000f960000,0x000070000fa60000)]
  0x00007fd30a9fb000 JavaThread "Worker-JM" [_thread_blocked, id=83459, stack(0x000070000fb66000,0x000070000fc66000)]
  0x00007fd30b9de800 JavaThread "Java indexing" daemon [_thread_blocked, id=81923, stack(0x000070000fe6f000,0x000070000ff6f000)]
  0x00007fd30aa09000 JavaThread "pool-2-thread-1" [_thread_blocked, id=45827, stack(0x0000700010075000,0x0000700010175000)]
  0x00007fd309c4a000 JavaThread "pool-1-thread-1" [_thread_in_native, id=46083, stack(0x0000700010178000,0x0000700010278000)]
  0x00007fd30f83d000 JavaThread "ForkJoinPool.commonPool-worker-3" daemon [_thread_blocked, id=48135, stack(0x000070001078a000,0x000070001088a000)]
  0x00007fd30fab1800 JavaThread "Bundle File Closer" daemon [_thread_blocked, id=76035, stack(0x0000700010b96000,0x0000700010c96000)]
  0x00007fd30a0d9800 JavaThread "Java Debug Server" daemon [_thread_in_native, id=49715, stack(0x000070001037e000,0x000070001047e000)]
  0x00007fd309a79000 JavaThread "RxSchedulerPurge-1" daemon [_thread_blocked, id=70659, stack(0x00007000118bd000,0x00007000119bd000)]
  0x00007fd309a7a000 JavaThread "RxCachedWorkerPoolEvictor-1" daemon [_thread_blocked, id=53507, stack(0x00007000119c0000,0x0000700011ac0000)]
  0x00007fd30eff9800 JavaThread "Worker-53" [_thread_blocked, id=45619, stack(0x000070000fd6c000,0x000070000fe6c000)]
  0x00007fd30e8eb000 JavaThread "process reaper" daemon [_thread_blocked, id=85419, stack(0x000070000ea09000,0x000070000ea2d000)]
  0x00007fd30bffd000 JavaThread "Worker-55" [_thread_blocked, id=17703, stack(0x000070000fa63000,0x000070000fb63000)]

Other Threads:
  0x00007fd30b813800 VMThread "VM Thread" [stack: 0x000070000e67d000,0x000070000e77d000] [id=19459]
  0x00007fd309810800 WatcherThread [stack: 0x000070000f1a1000,0x000070000f2a1000] [id=22787]
  0x00007fd30a015000 GCTaskThread "GC Thread#0" [stack: 0x000070000e57a000,0x000070000e67a000] [id=12035]
  0x00007fd30a94d800 GCTaskThread "GC Thread#1" [stack: 0x000070000f5d4000,0x000070000f6d4000] [id=25603]
  0x00007fd30a94e000 GCTaskThread "GC Thread#2" [stack: 0x000070000f6d7000,0x000070000f7d7000] [id=26115]
  0x00007fd3099b2000 GCTaskThread "GC Thread#3" [stack: 0x000070000f7da000,0x000070000f8da000] [id=40451]

Threads with active compile tasks:

VM state:not at safepoint (normal execution)

VM Mutex/Monitor currently owned by a thread:  ([mutex/lock_event])
[0x00007fd30960c360] CompiledIC_lock - owner thread: 0x00007fd30980f800

Heap address: 0x00000007c0000000, size: 1024 MB, Compressed Oops mode: Zero based, Oop shift amount: 3
Narrow klass base: 0x0000000800000000, Narrow klass shift: 3
Compressed class space size: 1073741824 Address: 0x0000000800b05000

Heap:
 PSYoungGen      total 5120K, used 4203K [0x00000007eab00000, 0x00000007eb280000, 0x0000000800000000)
  eden space 4608K, 90% used [0x00000007eab00000,0x00000007eaf12f20,0x00000007eaf80000)
  from space 512K, 6% used [0x00000007eb200000,0x00000007eb208000,0x00000007eb280000)
  to   space 512K, 0% used [0x00000007eb180000,0x00000007eb180000,0x00000007eb200000)
 ParOldGen       total 130560K, used 103892K [0x00000007c0000000, 0x00000007c7f80000, 0x00000007eab00000)
  object space 130560K, 79% used [0x00000007c0000000,0x00000007c6575348,0x00000007c7f80000)
 Metaspace       used 69238K, capacity 72284K, committed 72576K, reserved 1114112K
  class space    used 7097K, capacity 8270K, committed 8320K, reserved 1048576K

Card table byte_map: [0x000000010a960000,0x000000010ab61000] _byte_map_base: 0x0000000106b60000

Marking Bits: (ParMarkBitMap*) 0x000000010a36e3d0
 Begin Bits: [0x000000010acb7000, 0x000000010bcb7000)
 End Bits:   [0x000000010bcb7000, 0x000000010ccb7000)

Polling page: 0x0000000109132000

Metaspace:

Usage:
  Non-class:     62.51 MB capacity,    60.68 MB ( 97%) used,     1.68 MB (  3%) free+waste,   152.44 KB ( <1%) overhead. 
      Class:      8.08 MB capacity,     6.93 MB ( 86%) used,     1.08 MB ( 13%) free+waste,    65.00 KB ( <1%) overhead. 
       Both:     70.59 MB capacity,    67.62 MB ( 96%) used,     2.76 MB (  4%) free+waste,   217.44 KB ( <1%) overhead. 

Virtual space:
  Non-class space:       64.00 MB reserved,      62.75 MB ( 98%) committed 
      Class space:        1.00 GB reserved,       8.12 MB ( <1%) committed 
             Both:        1.06 GB reserved,      70.88 MB (  7%) committed 

Chunk freelists:
   Non-Class:  158.00 KB
       Class:  0 bytes
        Both:  158.00 KB

MaxMetaspaceSize: unlimited
CompressedClassSpaceSize: 1.00 GB

CodeHeap 'non-profiled nmethods': size=120032Kb used=9578Kb max_used=10321Kb free=110454Kb
 bounds [0x0000000120850000, 0x0000000121270000, 0x0000000127d88000]
CodeHeap 'profiled nmethods': size=120028Kb used=25539Kb max_used=26967Kb free=94488Kb
 bounds [0x0000000119319000, 0x000000011ad89000, 0x0000000120850000]
CodeHeap 'non-nmethods': size=5700Kb used=1407Kb max_used=1477Kb free=4293Kb
 bounds [0x0000000118d88000, 0x0000000118ff8000, 0x0000000119319000]
 total_blobs=20104 nmethods=10885 adapters=629
 compilation: enabled
              stopped_count=0, restarted_count=0
 full_count=0

Compilation events (20 events):
Event: 19223.495 Thread 0x00007fd30b87d000 15054       3       java.lang.ThreadLocal$ThreadLocalMap::<init> (158 bytes)
Event: 19223.502 Thread 0x00007fd30b87d000 nmethod 15054 0x000000011a086f90 code [0x000000011a0871c0, 0x000000011a087df0]
Event: 19540.543 Thread 0x00007fd30980e800 15055  s    4       java.io.FileDescriptor::set (30 bytes)
Event: 19540.596 Thread 0x00007fd30980e800 nmethod 15055 0x0000000120eff210 code [0x0000000120eff3a0, 0x0000000120eff5d8]
Event: 26163.484 Thread 0x00007fd30980e800 15056       4       java.io.BufferedInputStream::<init> (32 bytes)
Event: 26163.528 Thread 0x00007fd30980e800 nmethod 15056 0x0000000120cfb210 code [0x0000000120cfb3a0, 0x0000000120cfb578]
Event: 28175.470 Thread 0x00007fd30980e800 15057       4       java.util.concurrent.SynchronousQueue$TransferStack::transfer (380 bytes)
Event: 28175.520 Thread 0x00007fd30980e800 nmethod 15057 0x0000000120a1a590 code [0x0000000120a1a840, 0x0000000120a1b2e0]
Event: 28605.898 Thread 0x00007fd30980e800 15058       4       java.lang.ProcessImpl::toCString (36 bytes)
Event: 28605.909 Thread 0x00007fd30980e800 nmethod 15058 0x00000001209b1310 code [0x00000001209b1500, 0x00000001209b1a28]
Event: 28605.909 Thread 0x00007fd30980e800 15059       4       java.io.FileInputStream::<init> (59 bytes)
Event: 28605.913 Thread 0x00007fd30980e800 nmethod 15059 0x0000000120d49010 code [0x0000000120d491c0, 0x0000000120d49598]
Event: 29036.317 Thread 0x00007fd30980e800 15060       4       java.util.StringTokenizer::setMaxDelimCodePoint (156 bytes)
Event: 29036.335 Thread 0x00007fd30980e800 nmethod 15060 0x0000000120c14e10 code [0x0000000120c14fe0, 0x0000000120c15398]
Event: 29277.844 Thread 0x00007fd30b87d000 15061       1       java.util.logging.Logger::getParent (5 bytes)
Event: 29277.849 Thread 0x00007fd30b87d000 nmethod 15061 0x0000000120a1a290 code [0x0000000120a1a420, 0x0000000120a1a4f0]
Event: 33791.468 Thread 0x00007fd30980e800 15062  s!   4       java.lang.ProcessImpl$ProcessPipeInputStream::processExited (64 bytes)
Event: 33791.484 Thread 0x00007fd30980e800 nmethod 15062 0x0000000120b8eb90 code [0x0000000120b8eda0, 0x0000000120b8f750]
Event: 33791.484 Thread 0x00007fd30980e800 15063       4       java.lang.ProcessImpl$ProcessPipeInputStream::drainInputStream (64 bytes)
Event: 33791.488 Thread 0x00007fd30980e800 nmethod 15063 0x0000000120d48910 code [0x0000000120d48ae0, 0x0000000120d48d68]

GC Heap History (20 events):
Event: 17553.101 GC heap before
{Heap before GC invocations=1382 (full 47):
 PSYoungGen      total 5120K, used 4704K [0x00000007eab00000, 0x00000007eb280000, 0x0000000800000000)
  eden space 4608K, 100% used [0x00000007eab00000,0x00000007eaf80000,0x00000007eaf80000)
  from space 512K, 18% used [0x00000007eb200000,0x00000007eb218000,0x00000007eb280000)
  to   space 512K, 0% used [0x00000007eb180000,0x00000007eb180000,0x00000007eb200000)
 ParOldGen       total 130560K, used 103868K [0x00000007c0000000, 0x00000007c7f80000, 0x00000007eab00000)
  object space 130560K, 79% used [0x00000007c0000000,0x00000007c656f348,0x00000007c7f80000)
 Metaspace       used 69237K, capacity 72284K, committed 72576K, reserved 1114112K
  class space    used 7097K, capacity 8270K, committed 8320K, reserved 1048576K
}
Event: 17553.102 GC heap after
{Heap after GC invocations=1382 (full 47):
 PSYoungGen      total 5120K, used 128K [0x00000007eab00000, 0x00000007eb280000, 0x0000000800000000)
  eden space 4608K, 0% used [0x00000007eab00000,0x00000007eab00000,0x00000007eaf80000)
  from space 512K, 25% used [0x00000007eb180000,0x00000007eb1a0000,0x00000007eb200000)
  to   space 512K, 0% used [0x00000007eb200000,0x00000007eb200000,0x00000007eb280000)
 ParOldGen       total 130560K, used 103868K [0x00000007c0000000, 0x00000007c7f80000, 0x00000007eab00000)
  object space 130560K, 79% used [0x00000007c0000000,0x00000007c656f348,0x00000007c7f80000)
 Metaspace       used 69237K, capacity 72284K, committed 72576K, reserved 1114112K
  class space    used 7097K, capacity 8270K, committed 8320K, reserved 1048576K
}
Event: 19193.603 GC heap before
{Heap before GC invocations=1383 (full 47):
 PSYoungGen      total 5120K, used 4729K [0x00000007eab00000, 0x00000007eb280000, 0x0000000800000000)
  eden space 4608K, 99% used [0x00000007eab00000,0x00000007eaf7e448,0x00000007eaf80000)
  from space 512K, 25% used [0x00000007eb180000,0x00000007eb1a0000,0x00000007eb200000)
  to   space 512K, 0% used [0x00000007eb200000,0x00000007eb200000,0x00000007eb280000)
 ParOldGen       total 130560K, used 103868K [0x00000007c0000000, 0x00000007c7f80000, 0x00000007eab00000)
  object space 130560K, 79% used [0x00000007c0000000,0x00000007c656f348,0x00000007c7f80000)
 Metaspace       used 69237K, capacity 72284K, committed 72576K, reserved 1114112K
  class space    used 7097K, capacity 8270K, committed 8320K, reserved 1048576K
}
Event: 19193.604 GC heap after
{Heap after GC invocations=1383 (full 47):
 PSYoungGen      total 5120K, used 96K [0x00000007eab00000, 0x00000007eb280000, 0x0000000800000000)
  eden space 4608K, 0% used [0x00000007eab00000,0x00000007eab00000,0x00000007eaf80000)
  from space 512K, 18% used [0x00000007eb200000,0x00000007eb218000,0x00000007eb280000)
  to   space 512K, 0% used [0x00000007eb180000,0x00000007eb180000,0x00000007eb200000)
 ParOldGen       total 130560K, used 103868K [0x00000007c0000000, 0x00000007c7f80000, 0x00000007eab00000)
  object space 130560K, 79% used [0x00000007c0000000,0x00000007c656f348,0x00000007c7f80000)
 Metaspace       used 69237K, capacity 72284K, committed 72576K, reserved 1114112K
  class space    used 7097K, capacity 8270K, committed 8320K, reserved 1048576K
}
Event: 20821.767 GC heap before
{Heap before GC invocations=1384 (full 47):
 PSYoungGen      total 5120K, used 4704K [0x00000007eab00000, 0x00000007eb280000, 0x0000000800000000)
  eden space 4608K, 100% used [0x00000007eab00000,0x00000007eaf80000,0x00000007eaf80000)
  from space 512K, 18% used [0x00000007eb200000,0x00000007eb218000,0x00000007eb280000)
  to   space 512K, 0% used [0x00000007eb180000,0x00000007eb180000,0x00000007eb200000)
 ParOldGen       total 130560K, used 103868K [0x00000007c0000000, 0x00000007c7f80000, 0x00000007eab00000)
  object space 130560K, 79% used [0x00000007c0000000,0x00000007c656f348,0x00000007c7f80000)
 Metaspace       used 69238K, capacity 72284K, committed 72576K, reserved 1114112K
  class space    used 7097K, capacity 8270K, committed 8320K, reserved 1048576K
}
Event: 20821.817 GC heap after
{Heap after GC invocations=1384 (full 47):
 PSYoungGen      total 5120K, used 64K [0x00000007eab00000, 0x00000007eb280000, 0x0000000800000000)
  eden space 4608K, 0% used [0x00000007eab00000,0x00000007eab00000,0x00000007eaf80000)
  from space 512K, 12% used [0x00000007eb180000,0x00000007eb190000,0x00000007eb200000)
  to   space 512K, 0% used [0x00000007eb200000,0x00000007eb200000,0x00000007eb280000)
 ParOldGen       total 130560K, used 103868K [0x00000007c0000000, 0x00000007c7f80000, 0x00000007eab00000)
  object space 130560K, 79% used [0x00000007c0000000,0x00000007c656f348,0x00000007c7f80000)
 Metaspace       used 69238K, capacity 72284K, committed 72576K, reserved 1114112K
  class space    used 7097K, capacity 8270K, committed 8320K, reserved 1048576K
}
Event: 22453.366 GC heap before
{Heap before GC invocations=1385 (full 47):
 PSYoungGen      total 5120K, used 4665K [0x00000007eab00000, 0x00000007eb280000, 0x0000000800000000)
  eden space 4608K, 99% used [0x00000007eab00000,0x00000007eaf7e7c0,0x00000007eaf80000)
  from space 512K, 12% used [0x00000007eb180000,0x00000007eb190000,0x00000007eb200000)
  to   space 512K, 0% used [0x00000007eb200000,0x00000007eb200000,0x00000007eb280000)
 ParOldGen       total 130560K, used 103868K [0x00000007c0000000, 0x00000007c7f80000, 0x00000007eab00000)
  object space 130560K, 79% used [0x00000007c0000000,0x00000007c656f348,0x00000007c7f80000)
 Metaspace       used 69238K, capacity 72284K, committed 72576K, reserved 1114112K
  class space    used 7097K, capacity 8270K, committed 8320K, reserved 1048576K
}
Event: 22453.373 GC heap after
{Heap after GC invocations=1385 (full 47):
 PSYoungGen      total 5120K, used 128K [0x00000007eab00000, 0x00000007eb280000, 0x0000000800000000)
  eden space 4608K, 0% used [0x00000007eab00000,0x00000007eab00000,0x00000007eaf80000)
  from space 512K, 25% used [0x00000007eb200000,0x00000007eb220000,0x00000007eb280000)
  to   space 512K, 0% used [0x00000007eb180000,0x00000007eb180000,0x00000007eb200000)
 ParOldGen       total 130560K, used 103868K [0x00000007c0000000, 0x00000007c7f80000, 0x00000007eab00000)
  object space 130560K, 79% used [0x00000007c0000000,0x00000007c656f348,0x00000007c7f80000)
 Metaspace       used 69238K, capacity 72284K, committed 72576K, reserved 1114112K
  class space    used 7097K, capacity 8270K, committed 8320K, reserved 1048576K
}
Event: 24141.477 GC heap before
{Heap before GC invocations=1386 (full 47):
 PSYoungGen      total 5120K, used 4736K [0x00000007eab00000, 0x00000007eb280000, 0x0000000800000000)
  eden space 4608K, 100% used [0x00000007eab00000,0x00000007eaf80000,0x00000007eaf80000)
  from space 512K, 25% used [0x00000007eb200000,0x00000007eb220000,0x00000007eb280000)
  to   space 512K, 0% used [0x00000007eb180000,0x00000007eb180000,0x00000007eb200000)
 ParOldGen       total 130560K, used 103868K [0x00000007c0000000, 0x00000007c7f80000, 0x00000007eab00000)
  object space 130560K, 79% used [0x00000007c0000000,0x00000007c656f348,0x00000007c7f80000)
 Metaspace       used 69238K, capacity 72284K, committed 72576K, reserved 1114112K
  class space    used 7097K, capacity 8270K, committed 8320K, reserved 1048576K
}
Event: 24141.541 GC heap after
{Heap after GC invocations=1386 (full 47):
 PSYoungGen      total 5120K, used 64K [0x00000007eab00000, 0x00000007eb280000, 0x0000000800000000)
  eden space 4608K, 0% used [0x00000007eab00000,0x00000007eab00000,0x00000007eaf80000)
  from space 512K, 12% used [0x00000007eb180000,0x00000007eb190000,0x00000007eb200000)
  to   space 512K, 0% used [0x00000007eb200000,0x00000007eb200000,0x00000007eb280000)
 ParOldGen       total 130560K, used 103868K [0x00000007c0000000, 0x00000007c7f80000, 0x00000007eab00000)
  object space 130560K, 79% used [0x00000007c0000000,0x00000007c656f348,0x00000007c7f80000)
 Metaspace       used 69238K, capacity 72284K, committed 72576K, reserved 1114112K
  class space    used 7097K, capacity 8270K, committed 8320K, reserved 1048576K
}
Event: 25766.102 GC heap before
{Heap before GC invocations=1387 (full 47):
 PSYoungGen      total 5120K, used 4672K [0x00000007eab00000, 0x00000007eb280000, 0x0000000800000000)
  eden space 4608K, 100% used [0x00000007eab00000,0x00000007eaf80000,0x00000007eaf80000)
  from space 512K, 12% used [0x00000007eb180000,0x00000007eb190000,0x00000007eb200000)
  to   space 512K, 0% used [0x00000007eb200000,0x00000007eb200000,0x00000007eb280000)
 ParOldGen       total 130560K, used 103868K [0x00000007c0000000, 0x00000007c7f80000, 0x00000007eab00000)
  object space 130560K, 79% used [0x00000007c0000000,0x00000007c656f348,0x00000007c7f80000)
 Metaspace       used 69238K, capacity 72284K, committed 72576K, reserved 1114112K
  class space    used 7097K, capacity 8270K, committed 8320K, reserved 1048576K
}
Event: 25766.103 GC heap after
{Heap after GC invocations=1387 (full 47):
 PSYoungGen      total 5120K, used 96K [0x00000007eab00000, 0x00000007eb280000, 0x0000000800000000)
  eden space 4608K, 0% used [0x00000007eab00000,0x00000007eab00000,0x00000007eaf80000)
  from space 512K, 18% used [0x00000007eb200000,0x00000007eb218000,0x00000007eb280000)
  to   space 512K, 0% used [0x00000007eb180000,0x00000007eb180000,0x00000007eb200000)
 ParOldGen       total 130560K, used 103868K [0x00000007c0000000, 0x00000007c7f80000, 0x00000007eab00000)
  object space 130560K, 79% used [0x00000007c0000000,0x00000007c656f348,0x00000007c7f80000)
 Metaspace       used 69238K, capacity 72284K, committed 72576K, reserved 1114112K
  class space    used 7097K, capacity 8270K, committed 8320K, reserved 1048576K
}
Event: 27398.103 GC heap before
{Heap before GC invocations=1388 (full 47):
 PSYoungGen      total 5120K, used 4704K [0x00000007eab00000, 0x00000007eb280000, 0x0000000800000000)
  eden space 4608K, 100% used [0x00000007eab00000,0x00000007eaf80000,0x00000007eaf80000)
  from space 512K, 18% used [0x00000007eb200000,0x00000007eb218000,0x00000007eb280000)
  to   space 512K, 0% used [0x00000007eb180000,0x00000007eb180000,0x00000007eb200000)
 ParOldGen       total 130560K, used 103868K [0x00000007c0000000, 0x00000007c7f80000, 0x00000007eab00000)
  object space 130560K, 79% used [0x00000007c0000000,0x00000007c656f348,0x00000007c7f80000)
 Metaspace       used 69238K, capacity 72284K, committed 72576K, reserved 1114112K
  class space    used 7097K, capacity 8270K, committed 8320K, reserved 1048576K
}
Event: 27398.108 GC heap after
{Heap after GC invocations=1388 (full 47):
 PSYoungGen      total 5120K, used 128K [0x00000007eab00000, 0x00000007eb280000, 0x0000000800000000)
  eden space 4608K, 0% used [0x00000007eab00000,0x00000007eab00000,0x00000007eaf80000)
  from space 512K, 25% used [0x00000007eb180000,0x00000007eb1a0000,0x00000007eb200000)
  to   space 512K, 0% used [0x00000007eb200000,0x00000007eb200000,0x00000007eb280000)
 ParOldGen       total 130560K, used 103868K [0x00000007c0000000, 0x00000007c7f80000, 0x00000007eab00000)
  object space 130560K, 79% used [0x00000007c0000000,0x00000007c656f348,0x00000007c7f80000)
 Metaspace       used 69238K, capacity 72284K, committed 72576K, reserved 1114112K
  class space    used 7097K, capacity 8270K, committed 8320K, reserved 1048576K
}
Event: 29022.098 GC heap before
{Heap before GC invocations=1389 (full 47):
 PSYoungGen      total 5120K, used 4736K [0x00000007eab00000, 0x00000007eb280000, 0x0000000800000000)
  eden space 4608K, 100% used [0x00000007eab00000,0x00000007eaf80000,0x00000007eaf80000)
  from space 512K, 25% used [0x00000007eb180000,0x00000007eb1a0000,0x00000007eb200000)
  to   space 512K, 0% used [0x00000007eb200000,0x00000007eb200000,0x00000007eb280000)
 ParOldGen       total 130560K, used 103868K [0x00000007c0000000, 0x00000007c7f80000, 0x00000007eab00000)
  object space 130560K, 79% used [0x00000007c0000000,0x00000007c656f348,0x00000007c7f80000)
 Metaspace       used 69238K, capacity 72284K, committed 72576K, reserved 1114112K
  class space    used 7097K, capacity 8270K, committed 8320K, reserved 1048576K
}
Event: 29022.100 GC heap after
{Heap after GC invocations=1389 (full 47):
 PSYoungGen      total 5120K, used 128K [0x00000007eab00000, 0x00000007eb280000, 0x0000000800000000)
  eden space 4608K, 0% used [0x00000007eab00000,0x00000007eab00000,0x00000007eaf80000)
  from space 512K, 25% used [0x00000007eb200000,0x00000007eb220000,0x00000007eb280000)
  to   space 512K, 0% used [0x00000007eb180000,0x00000007eb180000,0x00000007eb200000)
 ParOldGen       total 130560K, used 103868K [0x00000007c0000000, 0x00000007c7f80000, 0x00000007eab00000)
  object space 130560K, 79% used [0x00000007c0000000,0x00000007c656f348,0x00000007c7f80000)
 Metaspace       used 69238K, capacity 72284K, committed 72576K, reserved 1114112K
  class space    used 7097K, capacity 8270K, committed 8320K, reserved 1048576K
}
Event: 30688.141 GC heap before
{Heap before GC invocations=1390 (full 47):
 PSYoungGen      total 5120K, used 4730K [0x00000007eab00000, 0x00000007eb280000, 0x0000000800000000)
  eden space 4608K, 99% used [0x00000007eab00000,0x00000007eaf7ea88,0x00000007eaf80000)
  from space 512K, 25% used [0x00000007eb200000,0x00000007eb220000,0x00000007eb280000)
  to   space 512K, 0% used [0x00000007eb180000,0x00000007eb180000,0x00000007eb200000)
 ParOldGen       total 130560K, used 103868K [0x00000007c0000000, 0x00000007c7f80000, 0x00000007eab00000)
  object space 130560K, 79% used [0x00000007c0000000,0x00000007c656f348,0x00000007c7f80000)
 Metaspace       used 69238K, capacity 72284K, committed 72576K, reserved 1114112K
  class space    used 7097K, capacity 8270K, committed 8320K, reserved 1048576K
}
Event: 30688.146 GC heap after
{Heap after GC invocations=1390 (full 47):
 PSYoungGen      total 5120K, used 96K [0x00000007eab00000, 0x00000007eb280000, 0x0000000800000000)
  eden space 4608K, 0% used [0x00000007eab00000,0x00000007eab00000,0x00000007eaf80000)
  from space 512K, 18% used [0x00000007eb180000,0x00000007eb198000,0x00000007eb200000)
  to   space 512K, 0% used [0x00000007eb200000,0x00000007eb200000,0x00000007eb280000)
 ParOldGen       total 130560K, used 103884K [0x00000007c0000000, 0x00000007c7f80000, 0x00000007eab00000)
  object space 130560K, 79% used [0x00000007c0000000,0x00000007c6573348,0x00000007c7f80000)
 Metaspace       used 69238K, capacity 72284K, committed 72576K, reserved 1114112K
  class space    used 7097K, capacity 8270K, committed 8320K, reserved 1048576K
}
Event: 32321.102 GC heap before
{Heap before GC invocations=1391 (full 47):
 PSYoungGen      total 5120K, used 4704K [0x00000007eab00000, 0x00000007eb280000, 0x0000000800000000)
  eden space 4608K, 100% used [0x00000007eab00000,0x00000007eaf80000,0x00000007eaf80000)
  from space 512K, 18% used [0x00000007eb180000,0x00000007eb198000,0x00000007eb200000)
  to   space 512K, 0% used [0x00000007eb200000,0x00000007eb200000,0x00000007eb280000)
 ParOldGen       total 130560K, used 103884K [0x00000007c0000000, 0x00000007c7f80000, 0x00000007eab00000)
  object space 130560K, 79% used [0x00000007c0000000,0x00000007c6573348,0x00000007c7f80000)
 Metaspace       used 69238K, capacity 72284K, committed 72576K, reserved 1114112K
  class space    used 7097K, capacity 8270K, committed 8320K, reserved 1048576K
}
Event: 32321.107 GC heap after
{Heap after GC invocations=1391 (full 47):
 PSYoungGen      total 5120K, used 32K [0x00000007eab00000, 0x00000007eb280000, 0x0000000800000000)
  eden space 4608K, 0% used [0x00000007eab00000,0x00000007eab00000,0x00000007eaf80000)
  from space 512K, 6% used [0x00000007eb200000,0x00000007eb208000,0x00000007eb280000)
  to   space 512K, 0% used [0x00000007eb180000,0x00000007eb180000,0x00000007eb200000)
 ParOldGen       total 130560K, used 103892K [0x00000007c0000000, 0x00000007c7f80000, 0x00000007eab00000)
  object space 130560K, 79% used [0x00000007c0000000,0x00000007c6575348,0x00000007c7f80000)
 Metaspace       used 69238K, capacity 72284K, committed 72576K, reserved 1114112K
  class space    used 7097K, capacity 8270K, committed 8320K, reserved 1048576K
}

Deoptimization events (20 events):
Event: 2379.058 Thread 0x00007fd30f83d000 Uncommon trap: trap_request=0xffffffde fr.pc=0x000000012123dd54 relative=0x0000000000000694
Event: 2379.058 Thread 0x00007fd30f83d000 Uncommon trap: reason=class_check action=maybe_recompile pc=0x000000012123dd54 method=org.eclipse.jdt.internal.core.JavaElement.getHandleMemento(Ljava/lang/StringBuffer;)V @ 4 c2
Event: 2379.058 Thread 0x00007fd30f83d000 DEOPT PACKING pc=0x000000012123dd54 sp=0x0000700010888bd0
Event: 2379.058 Thread 0x00007fd30f83d000 DEOPT UNPACKING pc=0x0000000118dd0e25 sp=0x0000700010888bd0 mode 2
Event: 2379.058 Thread 0x00007fd30f83d000 Uncommon trap: trap_request=0xffffffde fr.pc=0x000000012123dd54 relative=0x0000000000000694
Event: 2379.058 Thread 0x00007fd30f83d000 Uncommon trap: reason=class_check action=maybe_recompile pc=0x000000012123dd54 method=org.eclipse.jdt.internal.core.JavaElement.getHandleMemento(Ljava/lang/StringBuffer;)V @ 4 c2
Event: 2379.058 Thread 0x00007fd30f83d000 DEOPT PACKING pc=0x000000012123dd54 sp=0x0000700010888b50
Event: 2379.058 Thread 0x00007fd30f83d000 DEOPT UNPACKING pc=0x0000000118dd0e25 sp=0x0000700010888b60 mode 2
Event: 2379.227 Thread 0x00007fd30f83d000 DEOPT PACKING pc=0x0000000119ce687b sp=0x0000700010889250
Event: 2379.227 Thread 0x00007fd30f83d000 DEOPT UNPACKING pc=0x0000000118dd133a sp=0x0000700010888778 mode 0
Event: 2379.914 Thread 0x00007fd30f83d000 DEOPT PACKING pc=0x000000011ac80105 sp=0x0000700010888980
Event: 2379.914 Thread 0x00007fd30f83d000 DEOPT UNPACKING pc=0x0000000118dd133a sp=0x0000700010887e98 mode 0
Event: 3070.750 Thread 0x00007fd30aa09000 Uncommon trap: trap_request=0xffffff45 fr.pc=0x00000001210caba8 relative=0x0000000000000108
Event: 3070.766 Thread 0x00007fd30aa09000 Uncommon trap: reason=unstable_if action=reinterpret pc=0x00000001210caba8 method=java.util.concurrent.CompletableFuture.unipush(Ljava/util/concurrent/CompletableFuture$Completion;)V @ 34 c2
Event: 3070.775 Thread 0x00007fd30aa09000 DEOPT PACKING pc=0x00000001210caba8 sp=0x0000700010173e00
Event: 3070.790 Thread 0x00007fd30aa09000 DEOPT UNPACKING pc=0x0000000118dd0e25 sp=0x0000700010173dc0 mode 2
Event: 3070.852 Thread 0x00007fd30aa09000 Uncommon trap: trap_request=0xffffff45 fr.pc=0x00000001210b8c10 relative=0x0000000000000130
Event: 3070.852 Thread 0x00007fd30aa09000 Uncommon trap: reason=unstable_if action=reinterpret pc=0x00000001210b8c10 method=java.util.concurrent.CompletableFuture.postFire(Ljava/util/concurrent/CompletableFuture;I)Ljava/util/concurrent/CompletableFuture; @ 8 c2
Event: 3070.852 Thread 0x00007fd30aa09000 DEOPT PACKING pc=0x00000001210b8c10 sp=0x0000700010173cf0
Event: 3070.865 Thread 0x00007fd30aa09000 DEOPT UNPACKING pc=0x0000000118dd0e25 sp=0x0000700010173cb8 mode 2

Classes unloaded (20 events):
Event: 1451.361 Thread 0x00007fd30b813800 Unloading class 0x0000000800d05c40 'java/lang/invoke/LambdaForm$MH'
Event: 1451.361 Thread 0x00007fd30b813800 Unloading class 0x0000000800d05840 'java/lang/invoke/LambdaForm$MH'
Event: 1451.361 Thread 0x00007fd30b813800 Unloading class 0x0000000800d06440 'java/lang/invoke/LambdaForm$MH'
Event: 1451.361 Thread 0x00007fd30b813800 Unloading class 0x0000000800c91040 'java/lang/invoke/LambdaForm$MH'
Event: 1451.361 Thread 0x00007fd30b813800 Unloading class 0x0000000800c90840 'java/lang/invoke/LambdaForm$MH'
Event: 1451.361 Thread 0x00007fd30b813800 Unloading class 0x0000000800c90440 'java/lang/invoke/LambdaForm$MH'
Event: 1451.361 Thread 0x00007fd30b813800 Unloading class 0x0000000800c90040 'java/lang/invoke/LambdaForm$MH'
Event: 1451.361 Thread 0x00007fd30b813800 Unloading class 0x0000000800c48c40 'java/lang/invoke/LambdaForm$MH'
Event: 1451.361 Thread 0x00007fd30b813800 Unloading class 0x0000000800c48840 'java/lang/invoke/LambdaForm$MH'
Event: 1451.361 Thread 0x00007fd30b813800 Unloading class 0x0000000800c49440 'java/lang/invoke/LambdaForm$MH'
Event: 1451.361 Thread 0x00007fd30b813800 Unloading class 0x0000000800c49c40 'java/lang/invoke/LambdaForm$MH'
Event: 1451.361 Thread 0x00007fd30b813800 Unloading class 0x0000000800c49840 'java/lang/invoke/LambdaForm$MH'
Event: 1451.361 Thread 0x00007fd30b813800 Unloading class 0x0000000800b93440 'jdk/internal/reflect/GeneratedConstructorAccessor2'
Event: 1451.361 Thread 0x00007fd30b813800 Unloading class 0x0000000800b96440 'jdk/internal/reflect/GeneratedMethodAccessor5'
Event: 1451.361 Thread 0x00007fd30b813800 Unloading class 0x0000000800b96040 'jdk/internal/reflect/GeneratedMethodAccessor4'
Event: 1451.361 Thread 0x00007fd30b813800 Unloading class 0x0000000800b96c40 'jdk/internal/reflect/GeneratedMethodAccessor3'
Event: 1451.361 Thread 0x00007fd30b813800 Unloading class 0x0000000800b96840 'jdk/internal/reflect/GeneratedMethodAccessor2'
Event: 1451.361 Thread 0x00007fd30b813800 Unloading class 0x0000000800b97440 'jdk/internal/reflect/GeneratedMethodAccessor1'
Event: 1451.361 Thread 0x00007fd30b813800 Unloading class 0x0000000800b70040 'jdk/internal/reflect/GeneratedConstructorAccessor1'
Event: 1451.361 Thread 0x00007fd30b813800 Unloading class 0x0000000800b6cc40 'java/lang/invoke/LambdaForm$DMH'

Classes redefined (0 events):
No events

Internal exceptions (20 events):
Event: 2241.594 Thread 0x00007fd30f83d000 Exception <a 'java/lang/ClassNotFoundException'{0x00000007eaeb1d28}: sun/net/www/protocol/jdt/Handler> (0x00000007eaeb1d28) 
thrown [./open/src/hotspot/share/classfile/systemDictionary.cpp, line 226]
Event: 2241.594 Thread 0x00007fd30f83d000 Exception <a 'java/lang/ClassNotFoundException'{0x00000007eaeb4ae8}: sun/net/www/protocol/jdt/Handler> (0x00000007eaeb4ae8) 
thrown [./open/src/hotspot/share/classfile/systemDictionary.cpp, line 226]
Event: 2241.594 Thread 0x00007fd30f83d000 Exception <a 'java/lang/ClassNotFoundException'{0x00000007eaebd3e0}: sun/net/www/protocol/jdt/Handler> (0x00000007eaebd3e0) 
thrown [./open/src/hotspot/share/classfile/systemDictionary.cpp, line 226]
Event: 2241.595 Thread 0x00007fd30f83d000 Exception <a 'java/lang/ClassNotFoundException'{0x00000007eaebff38}: sun/net/www/protocol/jdt/Handler> (0x00000007eaebff38) 
thrown [./open/src/hotspot/share/classfile/systemDictionary.cpp, line 226]
Event: 2241.595 Thread 0x00007fd30f83d000 Exception <a 'java/lang/ClassNotFoundException'{0x00000007eaec2f20}: sun/net/www/protocol/jdt/Handler> (0x00000007eaec2f20) 
thrown [./open/src/hotspot/share/classfile/systemDictionary.cpp, line 226]
Event: 2244.811 Thread 0x00007fd30f83d000 Exception <a 'java/lang/ClassNotFoundException'{0x00000007eac14ce0}: sun/net/www/protocol/jdt/Handler> (0x00000007eac14ce0) 
thrown [./open/src/hotspot/share/classfile/systemDictionary.cpp, line 226]
Event: 2244.811 Thread 0x00007fd30f83d000 Exception <a 'java/lang/ClassNotFoundException'{0x00000007eac17310}: sun/net/www/protocol/jdt/Handler> (0x00000007eac17310) 
thrown [./open/src/hotspot/share/classfile/systemDictionary.cpp, line 226]
Event: 2244.811 Thread 0x00007fd30f83d000 Exception <a 'java/lang/ClassNotFoundException'{0x00000007eac198e8}: sun/net/www/protocol/jdt/Handler> (0x00000007eac198e8) 
thrown [./open/src/hotspot/share/classfile/systemDictionary.cpp, line 226]
Event: 2244.811 Thread 0x00007fd30f83d000 Exception <a 'java/lang/ClassNotFoundException'{0x00000007eac1db80}: sun/net/www/protocol/jdt/Handler> (0x00000007eac1db80) 
thrown [./open/src/hotspot/share/classfile/systemDictionary.cpp, line 226]
Event: 2244.812 Thread 0x00007fd30f83d000 Exception <a 'java/lang/ClassNotFoundException'{0x00000007eac202a0}: sun/net/www/protocol/jdt/Handler> (0x00000007eac202a0) 
thrown [./open/src/hotspot/share/classfile/systemDictionary.cpp, line 226]
Event: 2268.784 Thread 0x00007fd30a1af000 Exception <a 'java/lang/ClassNotFoundException'{0x00000007eb1d4070}: sun/net/www/protocol/jdt/Handler> (0x00000007eb1d4070) 
thrown [./open/src/hotspot/share/classfile/systemDictionary.cpp, line 226]
Event: 2268.784 Thread 0x00007fd30a1af000 Exception <a 'java/lang/ClassNotFoundException'{0x00000007eb1d66a0}: sun/net/www/protocol/jdt/Handler> (0x00000007eb1d66a0) 
thrown [./open/src/hotspot/share/classfile/systemDictionary.cpp, line 226]
Event: 2268.785 Thread 0x00007fd30a1af000 Exception <a 'java/lang/ClassNotFoundException'{0x00000007eb1d8c78}: sun/net/www/protocol/jdt/Handler> (0x00000007eb1d8c78) 
thrown [./open/src/hotspot/share/classfile/systemDictionary.cpp, line 226]
Event: 2268.785 Thread 0x00007fd30a1af000 Exception <a 'java/lang/ClassNotFoundException'{0x00000007eb1dd158}: sun/net/www/protocol/jdt/Handler> (0x00000007eb1dd158) 
thrown [./open/src/hotspot/share/classfile/systemDictionary.cpp, line 226]
Event: 2268.785 Thread 0x00007fd30a1af000 Exception <a 'java/lang/ClassNotFoundException'{0x00000007eb1df878}: sun/net/www/protocol/jdt/Handler> (0x00000007eb1df878) 
thrown [./open/src/hotspot/share/classfile/systemDictionary.cpp, line 226]
Event: 2379.228 Thread 0x00007fd30f83d000 Exception <a 'java/lang/ClassNotFoundException'{0x00000007eab60820}: sun/net/www/protocol/jdt/Handler> (0x00000007eab60820) 
thrown [./open/src/hotspot/share/classfile/systemDictionary.cpp, line 226]
Event: 2379.229 Thread 0x00007fd30f83d000 Exception <a 'java/lang/ClassNotFoundException'{0x00000007eab62e50}: sun/net/www/protocol/jdt/Handler> (0x00000007eab62e50) 
thrown [./open/src/hotspot/share/classfile/systemDictionary.cpp, line 226]
Event: 2379.229 Thread 0x00007fd30f83d000 Exception <a 'java/lang/ClassNotFoundException'{0x00000007eab65428}: sun/net/www/protocol/jdt/Handler> (0x00000007eab65428) 
thrown [./open/src/hotspot/share/classfile/systemDictionary.cpp, line 226]
Event: 2379.229 Thread 0x00007fd30f83d000 Exception <a 'java/lang/ClassNotFoundException'{0x00000007eab696c0}: sun/net/www/protocol/jdt/Handler> (0x00000007eab696c0) 
thrown [./open/src/hotspot/share/classfile/systemDictionary.cpp, line 226]
Event: 2379.229 Thread 0x00007fd30f83d000 Exception <a 'java/lang/ClassNotFoundException'{0x00000007eab6bde0}: sun/net/www/protocol/jdt/Handler> (0x00000007eab6bde0) 
thrown [./open/src/hotspot/share/classfile/systemDictionary.cpp, line 226]

Events (20 events):
Event: 33761.439 Executing VM operation: HandshakeOneThread
Event: 33761.439 Executing VM operation: HandshakeOneThread done
Event: 33771.447 Executing VM operation: HandshakeOneThread
Event: 33771.447 Executing VM operation: HandshakeOneThread done
Event: 33771.448 Executing VM operation: HandshakeOneThread
Event: 33771.448 Executing VM operation: HandshakeOneThread done
Event: 33771.448 Executing VM operation: HandshakeOneThread
Event: 33771.448 Executing VM operation: HandshakeOneThread done
Event: 33781.458 Executing VM operation: HandshakeOneThread
Event: 33781.458 Executing VM operation: HandshakeOneThread done
Event: 33781.458 Executing VM operation: HandshakeOneThread
Event: 33781.458 Executing VM operation: HandshakeOneThread done
Event: 33781.458 Executing VM operation: HandshakeOneThread
Event: 33781.458 Executing VM operation: HandshakeOneThread done
Event: 33791.468 Executing VM operation: HandshakeOneThread
Event: 33791.468 Executing VM operation: HandshakeOneThread done
Event: 33791.468 Executing VM operation: BulkRevokeBias
Event: 33791.468 Executing VM operation: BulkRevokeBias done
Event: 33791.483 Executing VM operation: HandshakeAllThreads
Event: 33791.483 Executing VM operation: HandshakeAllThreads done


Dynamic libraries:
0x00007fff687eb000 	/usr/lib/libz.1.dylib
0x0000000109103000 	/Library/Java/JavaVirtualMachines/jdk-14.0.1.jdk/Contents/Home/lib/libjli.dylib
0x00007fff2e47f000 	/System/Library/Frameworks/Cocoa.framework/Versions/A/Cocoa
0x00007fff3bc9e000 	/System/Library/Frameworks/Security.framework/Versions/A/Security
0x00007fff2d3e6000 	/System/Library/Frameworks/ApplicationServices.framework/Versions/A/ApplicationServices
0x00007fff66221000 	/usr/lib/libSystem.B.dylib
0x00007fff690ab000 	/usr/lib/system/libcache.dylib
0x00007fff690b1000 	/usr/lib/system/libcommonCrypto.dylib
0x00007fff690bd000 	/usr/lib/system/libcompiler_rt.dylib
0x00007fff690c5000 	/usr/lib/system/libcopyfile.dylib
0x00007fff690cf000 	/usr/lib/system/libcorecrypto.dylib
0x00007fff6926e000 	/usr/lib/system/libdispatch.dylib
0x00007fff692af000 	/usr/lib/system/libdyld.dylib
0x00007fff692e6000 	/usr/lib/system/libkeymgr.dylib
0x00007fff692f4000 	/usr/lib/system/liblaunch.dylib
0x00007fff692f5000 	/usr/lib/system/libmacho.dylib
0x00007fff692fb000 	/usr/lib/system/libquarantine.dylib
0x00007fff692fe000 	/usr/lib/system/libremovefile.dylib
0x00007fff69300000 	/usr/lib/system/libsystem_asl.dylib
0x00007fff69318000 	/usr/lib/system/libsystem_blocks.dylib
0x00007fff69319000 	/usr/lib/system/libsystem_c.dylib
0x00007fff693a1000 	/usr/lib/system/libsystem_configuration.dylib
0x00007fff693a5000 	/usr/lib/system/libsystem_coreservices.dylib
0x00007fff693a9000 	/usr/lib/system/libsystem_darwin.dylib
0x00007fff693b2000 	/usr/lib/system/libsystem_dnssd.dylib
0x00007fff693ba000 	/usr/lib/system/libsystem_featureflags.dylib
0x00007fff693bc000 	/usr/lib/system/libsystem_info.dylib
0x00007fff69437000 	/usr/lib/system/libsystem_m.dylib
0x00007fff69483000 	/usr/lib/system/libsystem_malloc.dylib
0x00007fff694ab000 	/usr/lib/system/libsystem_networkextension.dylib
0x00007fff694b9000 	/usr/lib/system/libsystem_notify.dylib
0x00007fff694d7000 	/usr/lib/system/libsystem_sandbox.dylib
0x00007fff694dc000 	/usr/lib/system/libsystem_secinit.dylib
0x00007fff6940a000 	/usr/lib/system/libsystem_kernel.dylib
0x00007fff694c3000 	/usr/lib/system/libsystem_platform.dylib
0x00007fff694cc000 	/usr/lib/system/libsystem_pthread.dylib
0x00007fff694df000 	/usr/lib/system/libsystem_symptoms.dylib
0x00007fff694e7000 	/usr/lib/system/libsystem_trace.dylib
0x00007fff694ff000 	/usr/lib/system/libunwind.dylib
0x00007fff69505000 	/usr/lib/system/libxpc.dylib
0x00007fff68118000 	/usr/lib/libobjc.A.dylib
0x00007fff665f0000 	/usr/lib/libc++abi.dylib
0x00007fff6659d000 	/usr/lib/libc++.1.dylib
0x00007fff2f330000 	/System/Library/Frameworks/CoreFoundation.framework/Versions/A/CoreFoundation
0x00007fff31a0e000 	/System/Library/Frameworks/Foundation.framework/Versions/C/Foundation
0x00007fff2c5d6000 	/System/Library/Frameworks/AppKit.framework/Versions/C/AppKit
0x00007fff2ee03000 	/System/Library/Frameworks/CoreData.framework/Versions/A/CoreData
0x00007fff6023c000 	/System/Library/PrivateFrameworks/UIFoundation.framework/Versions/A/UIFoundation
0x00007fff5b2e0000 	/System/Library/PrivateFrameworks/RemoteViewServices.framework/Versions/A/RemoteViewServices
0x00007fff62d91000 	/System/Library/PrivateFrameworks/XCTTargetBootstrap.framework/Versions/A/XCTTargetBootstrap
0x00007fff2f1ff000 	/System/Library/Frameworks/CoreDisplay.framework/Versions/A/CoreDisplay
0x00007fff348cb000 	/System/Library/Frameworks/Metal.framework/Versions/A/Metal
0x00007fff49302000 	/System/Library/PrivateFrameworks/DesktopServicesPriv.framework/Versions/A/DesktopServicesPriv
0x00007fff673f3000 	/usr/lib/liblangid.dylib
0x00007fff4859a000 	/System/Library/PrivateFrameworks/CoreSVG.framework/Versions/A/CoreSVG
0x00007fff5e439000 	/System/Library/PrivateFrameworks/SkyLight.framework/Versions/A/SkyLight
0x00007fff2f7b2000 	/System/Library/Frameworks/CoreGraphics.framework/Versions/A/CoreGraphics
0x00007fff2af45000 	/System/Library/Frameworks/Accelerate.framework/Versions/A/Accelerate
0x00007fff686dc000 	/usr/lib/libxml2.2.dylib
0x00007fff54279000 	/System/Library/PrivateFrameworks/IconServices.framework/Versions/A/IconServices
0x00007fff321ed000 	/System/Library/Frameworks/IOSurface.framework/Versions/A/IOSurface
0x00007fff65d4b000 	/usr/lib/libDiagnosticMessagesClient.dylib
0x00007fff4915c000 	/System/Library/PrivateFrameworks/DFRFoundation.framework/Versions/A/DFRFoundation
0x00007fff67182000 	/usr/lib/libicucore.A.dylib
0x00007fff2d718000 	/System/Library/Frameworks/AudioToolbox.framework/Versions/A/AudioToolbox
0x00007fff2d7fb000 	/System/Library/Frameworks/AudioUnit.framework/Versions/A/AudioUnit
0x00007fff664b9000 	/usr/lib/libauto.dylib
0x00007fff491fe000 	/System/Library/PrivateFrameworks/DataDetectorsCore.framework/Versions/A/DataDetectorsCore
0x00007fff2dfa0000 	/System/Library/Frameworks/Carbon.framework/Versions/A/Frameworks/HIToolbox.framework/Versions/A/HIToolbox
0x00007fff3ae9b000 	/System/Library/Frameworks/QuartzCore.framework/Versions/A/QuartzCore
0x00007fff2e2df000 	/System/Library/Frameworks/Carbon.framework/Versions/A/Frameworks/SpeechRecognition.framework/Versions/A/SpeechRecognition
0x00007fff48c73000 	/System/Library/PrivateFrameworks/CoreUI.framework/Versions/A/CoreUI
0x00007fff2e86e000 	/System/Library/Frameworks/CoreAudio.framework/Versions/A/CoreAudio
0x00007fff316cf000 	/System/Library/Frameworks/DiskArbitration.framework/Versions/A/DiskArbitration
0x00007fff562c7000 	/System/Library/PrivateFrameworks/MultitouchSupport.framework/Versions/A/MultitouchSupport
0x00007fff67049000 	/usr/lib/libenergytrace.dylib
0x00007fff32147000 	/System/Library/Frameworks/IOKit.framework/Versions/A/IOKit
0x00007fff3073b000 	/System/Library/Frameworks/CoreServices.framework/Versions/A/CoreServices
0x00007fff58476000 	/System/Library/PrivateFrameworks/PerformanceAnalysis.framework/Versions/A/PerformanceAnalysis
0x00007fff39ece000 	/System/Library/Frameworks/OpenGL.framework/Versions/A/OpenGL
0x00007fff2e48d000 	/System/Library/Frameworks/ColorSync.framework/Versions/A/ColorSync
0x00007fff2fe57000 	/System/Library/Frameworks/CoreImage.framework/Versions/A/CoreImage
0x00007fff311ae000 	/System/Library/Frameworks/CoreText.framework/Versions/A/CoreText
0x00007fff3227d000 	/System/Library/Frameworks/ImageIO.framework/Versions/A/ImageIO
0x00007fff66619000 	/usr/lib/libcompression.dylib
0x00007fff6608f000 	/usr/lib/libMobileGestalt.dylib
0x00007fff5ffb1000 	/System/Library/PrivateFrameworks/TextureIO.framework/Versions/A/TextureIO
0x00007fff66386000 	/usr/lib/libate.dylib
0x00007fff54482000 	/System/Library/PrivateFrameworks/InternationalSupport.framework/Versions/A/InternationalSupport
0x00007fff673f5000 	/usr/lib/liblzma.5.dylib
0x00007fff67070000 	/usr/lib/libfakelink.dylib
0x00007fff66313000 	/usr/lib/libarchive.2.dylib
0x00007fff3cd4f000 	/System/Library/Frameworks/SystemConfiguration.framework/Versions/A/SystemConfiguration
0x00007fff65c7e000 	/usr/lib/libCRFSuite.dylib
0x00007fff2db91000 	/System/Library/Frameworks/CFNetwork.framework/Versions/A/CFNetwork
0x00007fff6657f000 	/usr/lib/libbsm.0.dylib
0x00007fff692e7000 	/usr/lib/system/libkxld.dylib
0x00007fff42ae8000 	/System/Library/PrivateFrameworks/AppleFSCompression.framework/Versions/A/AppleFSCompression
0x00007fff6690b000 	/usr/lib/libcoretls.dylib
0x00007fff66922000 	/usr/lib/libcoretls_cfhelpers.dylib
0x00007fff6815d000 	/usr/lib/libpam.2.dylib
0x00007fff68292000 	/usr/lib/libsqlite3.dylib
0x00007fff686c9000 	/usr/lib/libxar.1.dylib
0x00007fff66590000 	/usr/lib/libbz2.1.0.dylib
0x00007fff67091000 	/usr/lib/libiconv.2.dylib
0x00007fff66606000 	/usr/lib/libcharset.1.dylib
0x00007fff67bfb000 	/usr/lib/libnetwork.dylib
0x00007fff68164000 	/usr/lib/libpcap.A.dylib
0x00007fff662c8000 	/usr/lib/libapple_nghttp2.dylib
0x00007fff30af2000 	/System/Library/Frameworks/CoreServices.framework/Versions/A/Frameworks/FSEvents.framework/Versions/A/FSEvents
0x00007fff307c2000 	/System/Library/Frameworks/CoreServices.framework/Versions/A/Frameworks/CarbonCore.framework/Versions/A/CarbonCore
0x00007fff30d36000 	/System/Library/Frameworks/CoreServices.framework/Versions/A/Frameworks/Metadata.framework/Versions/A/Metadata
0x00007fff30dcf000 	/System/Library/Frameworks/CoreServices.framework/Versions/A/Frameworks/OSServices.framework/Versions/A/OSServices
0x00007fff30dfd000 	/System/Library/Frameworks/CoreServices.framework/Versions/A/Frameworks/SearchKit.framework/Versions/A/SearchKit
0x00007fff3073c000 	/System/Library/Frameworks/CoreServices.framework/Versions/A/Frameworks/AE.framework/Versions/A/AE
0x00007fff30afb000 	/System/Library/Frameworks/CoreServices.framework/Versions/A/Frameworks/LaunchServices.framework/Versions/A/LaunchServices
0x00007fff30aa4000 	/System/Library/Frameworks/CoreServices.framework/Versions/A/Frameworks/DictionaryServices.framework/Versions/A/DictionaryServices
0x00007fff30e65000 	/System/Library/Frameworks/CoreServices.framework/Versions/A/Frameworks/SharedFileList.framework/Versions/A/SharedFileList
0x00007fff35cee000 	/System/Library/Frameworks/NetFS.framework/Versions/A/NetFS
0x00007fff567f7000 	/System/Library/PrivateFrameworks/NetAuth.framework/Versions/A/NetAuth
0x00007fff6315e000 	/System/Library/PrivateFrameworks/login.framework/Versions/A/Frameworks/loginsupport.framework/Versions/A/loginsupport
0x00007fff5fa7c000 	/System/Library/PrivateFrameworks/TCC.framework/Versions/A/TCC
0x00007fff4770d000 	/System/Library/PrivateFrameworks/CoreNLP.framework/Versions/A/CoreNLP
0x00007fff55cf4000 	/System/Library/PrivateFrameworks/MetadataUtilities.framework/Versions/A/MetadataUtilities
0x00007fff674cd000 	/usr/lib/libmecabra.dylib
0x00007fff67425000 	/usr/lib/libmecab.dylib
0x00007fff67081000 	/usr/lib/libgermantok.dylib
0x00007fff662af000 	/usr/lib/libThaiTokenizer.dylib
0x00007fff65cb5000 	/usr/lib/libChineseTokenizer.dylib
0x00007fff2af5e000 	/System/Library/Frameworks/Accelerate.framework/Versions/A/Frameworks/vImage.framework/Versions/A/vImage
0x00007fff2c42c000 	/System/Library/Frameworks/Accelerate.framework/Versions/A/Frameworks/vecLib.framework/Versions/A/vecLib
0x00007fff2c2ad000 	/System/Library/Frameworks/Accelerate.framework/Versions/A/Frameworks/vecLib.framework/Versions/A/libvMisc.dylib
0x00007fff2c11a000 	/System/Library/Frameworks/Accelerate.framework/Versions/A/Frameworks/vecLib.framework/Versions/A/libvDSP.dylib
0x00007fff2b7fa000 	/System/Library/Frameworks/Accelerate.framework/Versions/A/Frameworks/vecLib.framework/Versions/A/libBLAS.dylib
0x00007fff2bcd2000 	/System/Library/Frameworks/Accelerate.framework/Versions/A/Frameworks/vecLib.framework/Versions/A/libLAPACK.dylib
0x00007fff2c07a000 	/System/Library/Frameworks/Accelerate.framework/Versions/A/Frameworks/vecLib.framework/Versions/A/libLinearAlgebra.dylib
0x00007fff2c107000 	/System/Library/Frameworks/Accelerate.framework/Versions/A/Frameworks/vecLib.framework/Versions/A/libSparseBLAS.dylib
0x00007fff2c090000 	/System/Library/Frameworks/Accelerate.framework/Versions/A/Frameworks/vecLib.framework/Versions/A/libQuadrature.dylib
0x00007fff2b990000 	/System/Library/Frameworks/Accelerate.framework/Versions/A/Frameworks/vecLib.framework/Versions/A/libBNNS.dylib
0x00007fff2c096000 	/System/Library/Frameworks/Accelerate.framework/Versions/A/Frameworks/vecLib.framework/Versions/A/libSparse.dylib
0x00007fff5486a000 	/System/Library/PrivateFrameworks/LanguageModeling.framework/Versions/A/LanguageModeling
0x00007fff470bd000 	/System/Library/PrivateFrameworks/CoreEmoji.framework/Versions/A/CoreEmoji
0x00007fff54988000 	/System/Library/PrivateFrameworks/LinguisticData.framework/Versions/A/LinguisticData
0x00007fff54939000 	/System/Library/PrivateFrameworks/Lexicon.framework/Versions/A/Lexicon
0x00007fff66607000 	/usr/lib/libcmph.dylib
0x00007fff388dc000 	/System/Library/Frameworks/OpenDirectory.framework/Versions/A/Frameworks/CFOpenDirectory.framework/Versions/A/CFOpenDirectory
0x00007fff388f9000 	/System/Library/Frameworks/OpenDirectory.framework/Versions/A/OpenDirectory
0x00007fff40d1e000 	/System/Library/PrivateFrameworks/APFS.framework/Versions/A/APFS
0x00007fff3bfe8000 	/System/Library/Frameworks/SecurityFoundation.framework/Versions/A/SecurityFoundation
0x00007fff686c5000 	/usr/lib/libutil.dylib
0x00007fff485f2000 	/System/Library/PrivateFrameworks/CoreServicesStore.framework/Versions/A/CoreServicesStore
0x00007fff3c09f000 	/System/Library/Frameworks/ServiceManagement.framework/Versions/A/ServiceManagement
0x00007fff442b7000 	/System/Library/PrivateFrameworks/BackgroundTaskManagement.framework/Versions/A/BackgroundTaskManagement
0x00007fff687c2000 	/usr/lib/libxslt.1.dylib
0x00007fff4315b000 	/System/Library/PrivateFrameworks/AppleSystemInfo.framework/Versions/A/AppleSystemInfo
0x00007fff3249a000 	/System/Library/Frameworks/ImageIO.framework/Versions/A/Resources/libJPEG.dylib
0x00007fff32757000 	/System/Library/Frameworks/ImageIO.framework/Versions/A/Resources/libTIFF.dylib
0x00007fff3273a000 	/System/Library/Frameworks/ImageIO.framework/Versions/A/Resources/libPng.dylib
0x00007fff323dc000 	/System/Library/Frameworks/ImageIO.framework/Versions/A/Resources/libGIF.dylib
0x00007fff323e0000 	/System/Library/Frameworks/ImageIO.framework/Versions/A/Resources/libJP2.dylib
0x00007fff32755000 	/System/Library/Frameworks/ImageIO.framework/Versions/A/Resources/libRadiance.dylib
0x00007fff6704a000 	/usr/lib/libexpat.1.dylib
0x00007fff42c43000 	/System/Library/PrivateFrameworks/AppleJPEG.framework/Versions/A/AppleJPEG
0x00007fff4b8db000 	/System/Library/PrivateFrameworks/FontServices.framework/libFontParser.dylib
0x00007fff62163000 	/System/Library/PrivateFrameworks/WatchdogClient.framework/Versions/A/WatchdogClient
0x00007fff53ec5000 	/System/Library/PrivateFrameworks/IOAccelerator.framework/Versions/A/IOAccelerator
0x00007fff34c66000 	/System/Library/Frameworks/MetalPerformanceShaders.framework/Versions/A/MetalPerformanceShaders
0x00007fff5065c000 	/System/Library/PrivateFrameworks/GPUWrangler.framework/Versions/A/GPUWrangler
0x00007fff53eda000 	/System/Library/PrivateFrameworks/IOPresentment.framework/Versions/A/IOPresentment
0x00007fff4916f000 	/System/Library/PrivateFrameworks/DSExternalDisplay.framework/Versions/A/DSExternalDisplay
0x00007fff3926d000 	/System/Library/Frameworks/OpenGL.framework/Versions/A/Libraries/libCoreFSCache.dylib
0x00007fff349b2000 	/System/Library/Frameworks/MetalPerformanceShaders.framework/Frameworks/MPSCore.framework/Versions/A/MPSCore
0x00007fff349f0000 	/System/Library/Frameworks/MetalPerformanceShaders.framework/Frameworks/MPSImage.framework/Versions/A/MPSImage
0x00007fff34ab7000 	/System/Library/Frameworks/MetalPerformanceShaders.framework/Frameworks/MPSNeuralNetwork.framework/Versions/A/MPSNeuralNetwork
0x00007fff34a7b000 	/System/Library/Frameworks/MetalPerformanceShaders.framework/Frameworks/MPSMatrix.framework/Versions/A/MPSMatrix
0x00007fff34c16000 	/System/Library/Frameworks/MetalPerformanceShaders.framework/Frameworks/MPSRayIntersector.framework/Versions/A/MPSRayIntersector
0x00007fff34aa1000 	/System/Library/Frameworks/MetalPerformanceShaders.framework/Frameworks/MPSNDArray.framework/Versions/A/MPSNDArray
0x00007fff55d41000 	/System/Library/PrivateFrameworks/MetalTools.framework/Versions/A/MetalTools
0x00007fff41ef3000 	/System/Library/PrivateFrameworks/AggregateDictionary.framework/Versions/A/AggregateDictionary
0x00007fff46b07000 	/System/Library/PrivateFrameworks/CoreAnalytics.framework/Versions/A/CoreAnalytics
0x00007fff4307a000 	/System/Library/PrivateFrameworks/AppleSauce.framework/Versions/A/AppleSauce
0x00007fff65f71000 	/usr/lib/libIOReport.dylib
0x00007fff31366000 	/System/Library/Frameworks/CoreVideo.framework/Versions/A/CoreVideo
0x00007fff51ad6000 	/System/Library/PrivateFrameworks/GraphVisualizer.framework/Versions/A/GraphVisualizer
0x00007fff4ae22000 	/System/Library/PrivateFrameworks/FaceCore.framework/Versions/A/FaceCore
0x00007fff38883000 	/System/Library/Frameworks/OpenCL.framework/Versions/A/OpenCL
0x00007fff65d93000 	/usr/lib/libFosl_dynamic.dylib
0x00007fff57217000 	/System/Library/PrivateFrameworks/OTSVG.framework/Versions/A/OTSVG
0x00007fff2d4eb000 	/System/Library/Frameworks/ApplicationServices.framework/Versions/A/Frameworks/ATS.framework/Versions/A/Resources/libFontRegistry.dylib
0x00007fff4baad000 	/System/Library/PrivateFrameworks/FontServices.framework/libhvf.dylib
0x00007fff39278000 	/System/Library/Frameworks/OpenGL.framework/Versions/A/Libraries/libGFXShared.dylib
0x00007fff39456000 	/System/Library/Frameworks/OpenGL.framework/Versions/A/Libraries/libGLU.dylib
0x00007fff39281000 	/System/Library/Frameworks/OpenGL.framework/Versions/A/Libraries/libGL.dylib
0x00007fff3928c000 	/System/Library/Frameworks/OpenGL.framework/Versions/A/Libraries/libGLImage.dylib
0x00007fff3926a000 	/System/Library/Frameworks/OpenGL.framework/Versions/A/Libraries/libCVMSPluginSupport.dylib
0x00007fff39273000 	/System/Library/Frameworks/OpenGL.framework/Versions/A/Libraries/libCoreVMClient.dylib
0x00007fff67a9c000 	/usr/lib/libncurses.5.4.dylib
0x00007fff2d3e7000 	/System/Library/Frameworks/ApplicationServices.framework/Versions/A/Frameworks/ATS.framework/Versions/A/ATS
0x00007fff2d5b4000 	/System/Library/Frameworks/ApplicationServices.framework/Versions/A/Frameworks/ColorSyncLegacy.framework/Versions/A/ColorSyncLegacy
0x00007fff2d652000 	/System/Library/Frameworks/ApplicationServices.framework/Versions/A/Frameworks/HIServices.framework/Versions/A/HIServices
0x00007fff2d6aa000 	/System/Library/Frameworks/ApplicationServices.framework/Versions/A/Frameworks/LangAnalysis.framework/Versions/A/LangAnalysis
0x00007fff2d6b9000 	/System/Library/Frameworks/ApplicationServices.framework/Versions/A/Frameworks/PrintCore.framework/Versions/A/PrintCore
0x00007fff2d6ff000 	/System/Library/Frameworks/ApplicationServices.framework/Versions/A/Frameworks/QD.framework/Versions/A/QD
0x00007fff2d70a000 	/System/Library/Frameworks/ApplicationServices.framework/Versions/A/Frameworks/SpeechSynthesis.framework/Versions/A/SpeechSynthesis
0x00007fff2d584000 	/System/Library/Frameworks/ApplicationServices.framework/Versions/A/Frameworks/ATSUI.framework/Versions/A/ATSUI
0x00007fff66ee0000 	/usr/lib/libcups.2.dylib
0x00007fff33d01000 	/System/Library/Frameworks/Kerberos.framework/Versions/A/Kerberos
0x00007fff31e40000 	/System/Library/Frameworks/GSS.framework/Versions/A/GSS
0x00007fff6821e000 	/usr/lib/libresolv.9.dylib
0x00007fff51c83000 	/System/Library/PrivateFrameworks/Heimdal.framework/Versions/A/Heimdal
0x00007fff33d14000 	/System/Library/Frameworks/Kerberos.framework/Versions/A/Libraries/libHeimdalProxy.dylib
0x00007fff67087000 	/usr/lib/libheimdal-asn1.dylib
0x00007fff45fa2000 	/System/Library/PrivateFrameworks/CommonAuth.framework/Versions/A/CommonAuth
0x00007fff431f8000 	/System/Library/PrivateFrameworks/AssertionServices.framework/Versions/A/AssertionServices
0x00007fff43d9a000 	/System/Library/PrivateFrameworks/AudioToolboxCore.framework/Versions/A/AudioToolboxCore
0x00007fff62e0e000 	/System/Library/PrivateFrameworks/caulk.framework/Versions/A/caulk
0x00007fff44363000 	/System/Library/PrivateFrameworks/BaseBoard.framework/Versions/A/BaseBoard
0x00007fff5b46e000 	/System/Library/PrivateFrameworks/RunningBoardServices.framework/Versions/A/RunningBoardServices
0x00007fff58482000 	/System/Library/PrivateFrameworks/PersistentConnection.framework/Versions/A/PersistentConnection
0x00007fff5ae68000 	/System/Library/PrivateFrameworks/ProtocolBuffer.framework/Versions/A/ProtocolBuffer
0x00007fff45fc6000 	/System/Library/PrivateFrameworks/CommonUtilities.framework/Versions/A/CommonUtilities
0x00007fff444f1000 	/System/Library/PrivateFrameworks/Bom.framework/Versions/A/Bom
0x00007fff65c44000 	/usr/lib/libAudioToolboxUtility.dylib
0x00007fff442c1000 	/System/Library/PrivateFrameworks/Backup.framework/Versions/A/Backup
0x00007fff49090000 	/System/Library/PrivateFrameworks/CrashReporterSupport.framework/Versions/A/CrashReporterSupport
0x00007fff5ceff000 	/System/Library/PrivateFrameworks/Sharing.framework/Versions/A/Sharing
0x00007fff42806000 	/System/Library/PrivateFrameworks/Apple80211.framework/Versions/A/Apple80211
0x00007fff43fde000 	/System/Library/PrivateFrameworks/AuthKit.framework/Versions/A/AuthKit
0x00007fff48da0000 	/System/Library/PrivateFrameworks/CoreUtils.framework/Versions/A/CoreUtils
0x00007fff313ab000 	/System/Library/Frameworks/CoreWLAN.framework/Versions/A/CoreWLAN
0x00007fff31fcd000 	/System/Library/Frameworks/IOBluetooth.framework/Versions/A/IOBluetooth
0x00007fff56046000 	/System/Library/PrivateFrameworks/MobileKeyBag.framework/Versions/A/MobileKeyBag
0x00007fff47ba5000 	/System/Library/PrivateFrameworks/CorePhoneNumbers.framework/Versions/A/CorePhoneNumbers
0x00007fff42bf6000 	/System/Library/PrivateFrameworks/AppleIDAuthSupport.framework/Versions/A/AppleIDAuthSupport
0x00007fff35cfb000 	/System/Library/Frameworks/Network.framework/Versions/A/Network
0x00007fff54716000 	/System/Library/PrivateFrameworks/KeychainCircle.framework/Versions/A/KeychainCircle
0x00007fff2edca000 	/System/Library/Frameworks/CoreBluetooth.framework/Versions/A/CoreBluetooth
0x00007fff5ef7c000 	/System/Library/PrivateFrameworks/SpeechRecognitionCore.framework/Versions/A/SpeechRecognitionCore
0x0000000109a00000 	/Library/Java/JavaVirtualMachines/jdk-14.0.1.jdk/Contents/Home/lib/server/libjvm.dylib
0x0000000109127000 	/Library/Java/JavaVirtualMachines/jdk-14.0.1.jdk/Contents/Home/lib/libjimage.dylib
0x000000010917c000 	/Library/Java/JavaVirtualMachines/jdk-14.0.1.jdk/Contents/Home/lib/libjava.dylib
0x00000001091a4000 	/Library/Java/JavaVirtualMachines/jdk-14.0.1.jdk/Contents/Home/lib/libzip.dylib
0x00000001091df000 	/Library/Java/JavaVirtualMachines/jdk-14.0.1.jdk/Contents/Home/lib/libnio.dylib
0x000000010f1eb000 	/Library/Java/JavaVirtualMachines/jdk-14.0.1.jdk/Contents/Home/lib/libnet.dylib
0x000000010f203000 	/Users/apple/Library/Application Support/Code/User/globalStorage/redhat.java/0.69.0/config_mac/org.eclipse.equinox.launcher/org.eclipse.equinox.launcher.cocoa.macosx.x86_64_1.1.1300.v20200819-0940/eclipse_11103.so
0x00007fff485be000 	/System/Library/PrivateFrameworks/CoreServicesInternal.framework/Versions/A/CoreServicesInternal
0x00007fff318c8000 	/System/Library/Frameworks/FileProvider.framework/Versions/A/FileProvider
0x00007fff2c42d000 	/System/Library/Frameworks/Accounts.framework/Versions/A/Accounts
0x00007fff50981000 	/System/Library/PrivateFrameworks/GenerationalStorage.framework/Versions/A/GenerationalStorage
0x00007fff48b45000 	/System/Library/PrivateFrameworks/CoreSymbolication.framework/Versions/A/CoreSymbolication
0x00007fff5f7bc000 	/System/Library/PrivateFrameworks/SymptomDiagnosticReporter.framework/Versions/A/SymptomDiagnosticReporter
0x00007fff4230b000 	/System/Library/PrivateFrameworks/AppContainer.framework/Versions/A/AppContainer
0x00007fff68238000 	/usr/lib/libsandbox.1.dylib
0x00007fff61107000 	/System/Library/PrivateFrameworks/UserManagement.framework/Versions/A/UserManagement
0x00007fff450ac000 	/System/Library/PrivateFrameworks/ChunkingLibrary.framework/Versions/A/ChunkingLibrary
0x00007fff492c4000 	/System/Library/PrivateFrameworks/DebugSymbols.framework/Versions/A/DebugSymbols
0x00007fff4237d000 	/System/Library/PrivateFrameworks/AppSandbox.framework/Versions/A/AppSandbox
0x00007fff5cd89000 	/System/Library/PrivateFrameworks/SecCodeWrapper.framework/Versions/A/SecCodeWrapper
0x00007fff66059000 	/usr/lib/libMatch.1.dylib
0x00007fff61ed3000 	/System/Library/PrivateFrameworks/ViewBridge.framework/Versions/A/ViewBridge
0x000000011022b000 	/Library/Java/JavaVirtualMachines/jdk-14.0.1.jdk/Contents/Home/lib/libverify.dylib
0x000000011043a000 	/Library/Java/JavaVirtualMachines/jdk-14.0.1.jdk/Contents/Home/lib/libsunec.dylib
0x0000000110463000 	/Library/Java/JavaVirtualMachines/jdk-14.0.1.jdk/Contents/Home/lib/libextnet.dylib


VM Arguments:
jvm_args: --add-modules=ALL-SYSTEM --add-opens=java.base/java.util=ALL-UNNAMED --add-opens=java.base/java.lang=ALL-UNNAMED -Declipse.application=org.eclipse.jdt.ls.core.id1 -Dosgi.bundles.defaultStartLevel=4 -Declipse.product=org.eclipse.jdt.ls.core.product -Dfile.encoding=utf8 -XX:+UseParallelGC -XX:GCTimeRatio=4 -XX:AdaptiveSizePolicyWeight=90 -Dsun.zip.disableMemoryMapping=true -Xmx1G -Xms100m 
java_command: /Users/apple/.vscode/extensions/redhat.java-0.69.0/server/plugins/org.eclipse.equinox.launcher_1.5.800.v20200727-1323.jar -configuration /Users/apple/Library/Application Support/Code/User/globalStorage/redhat.java/0.69.0/config_mac -data /Users/apple/Library/Application Support/Code/User/workspaceStorage/96788df81b4b852034d273cb3a2b4e99/redhat.java/jdt_ws
java_class_path (initial): /Users/apple/.vscode/extensions/redhat.java-0.69.0/server/plugins/org.eclipse.equinox.launcher_1.5.800.v20200727-1323.jar
Launcher Type: SUN_STANDARD

[Global flags]
    uintx AdaptiveSizePolicyWeight                 = 90                                        {product} {command line}
     intx CICompilerCount                          = 3                                         {product} {ergonomic}
    uintx GCTimeRatio                              = 4                                         {product} {command line}
   size_t InitialHeapSize                          = 104857600                                 {product} {command line}
   size_t MaxHeapSize                              = 1073741824                                {product} {command line}
   size_t MaxNewSize                               = 357564416                                 {product} {ergonomic}
   size_t MinHeapDeltaBytes                        = 524288                                    {product} {ergonomic}
   size_t MinHeapSize                              = 104857600                                 {product} {command line}
   size_t NewSize                                  = 34603008                                  {product} {ergonomic}
    uintx NonNMethodCodeHeapSize                   = 5832780                                {pd product} {ergonomic}
    uintx NonProfiledCodeHeapSize                  = 122912730                              {pd product} {ergonomic}
   size_t OldSize                                  = 70254592                                  {product} {ergonomic}
    uintx ProfiledCodeHeapSize                     = 122912730                              {pd product} {ergonomic}
    uintx ReservedCodeCacheSize                    = 251658240                              {pd product} {ergonomic}
     bool SegmentedCodeCache                       = true                                      {product} {ergonomic}
   size_t SoftMaxHeapSize                          = 1073741824                             {manageable} {ergonomic}
     bool UseCompressedClassPointers               = true                                 {lp64_product} {ergonomic}
     bool UseCompressedOops                        = true                                 {lp64_product} {ergonomic}
     bool UseParallelGC                            = true                                      {product} {command line}

Logging:
Log output configuration:
 #0: stdout all=warning uptime,level,tags
 #1: stderr all=off uptime,level,tags

Environment Variables:
PATH=/Users/apple/opt/anaconda3/bin:/Users/apple/opt/anaconda3/condabin:/usr/local/bin:/usr/bin:/bin:/usr/sbin:/sbin:/usr/local/mysql/bin
SHELL=/bin/zsh

Signal Handlers:
SIGSEGV: [libjvm.dylib+0x741570], sa_mask[0]=11111111011111110111111111111111, sa_flags=SA_ONSTACK|SA_RESTART|SA_SIGINFO
SIGBUS: [libjvm.dylib+0x741570], sa_mask[0]=11111111011111110111111111111111, sa_flags=SA_RESTART|SA_SIGINFO
SIGFPE: [libjvm.dylib+0x741570], sa_mask[0]=11111111011111110111111111111111, sa_flags=SA_RESTART|SA_SIGINFO
SIGPIPE: [libjvm.dylib+0x5eb393], sa_mask[0]=11111111011111110111111111111111, sa_flags=SA_RESTART|SA_SIGINFO
SIGXFSZ: [libjvm.dylib+0x5eb393], sa_mask[0]=11111111011111110111111111111111, sa_flags=SA_RESTART|SA_SIGINFO
SIGILL: [libjvm.dylib+0x741570], sa_mask[0]=11111111011111110111111111111111, sa_flags=SA_RESTART|SA_SIGINFO
SIGUSR2: [libjvm.dylib+0x5eb965], sa_mask[0]=00000000000000000000000000000000, sa_flags=SA_RESTART|SA_SIGINFO
SIGHUP: [libjvm.dylib+0x5ea9c7], sa_mask[0]=11111111011111110111111111111111, sa_flags=SA_RESTART|SA_SIGINFO
SIGINT: [libjvm.dylib+0x5ea9c7], sa_mask[0]=11111111011111110111111111111111, sa_flags=SA_RESTART|SA_SIGINFO
SIGTERM: [libjvm.dylib+0x5ea9c7], sa_mask[0]=11111111011111110111111111111111, sa_flags=SA_RESTART|SA_SIGINFO
SIGQUIT: [libjvm.dylib+0x5ea9c7], sa_mask[0]=11111111011111110111111111111111, sa_flags=SA_RESTART|SA_SIGINFO


---------------  S Y S T E M  ---------------

OS:uname:Darwin 19.5.0 Darwin Kernel Version 19.5.0: Tue May 26 20:41:44 PDT 2020; root:xnu-6153.121.2~2/RELEASE_X86_64 x86_64
OS uptime: 6 days 18:33 hours
rlimit: STACK 8192k, CORE 0k, NPROC 1392, NOFILE 10240, AS infinity, DATA infinity, FSIZE infinity
load average:1.61 1.68 1.81

CPU:total 4 (initial active 4) (2 cores per cpu, 2 threads per core) family 6 model 58 stepping 9, cmov, cx8, fxsr, mmx, sse, sse2, sse3, ssse3, sse4.1, sse4.2, popcnt, avx, aes, clmul, erms, ht, tsc, tscinvbit, tscinv

Memory: 4k page, physical 8388608k(1043908k free), swap 2097152k(1269504k free)

vm_info: Java HotSpot(TM) 64-Bit Server VM (14.0.1+7) for bsd-amd64 JRE (14.0.1+7), built on Mar  5 2020 10:34:17 by "mach5one" with clang 4.2.1 Compatible Apple LLVM 10.0.0 (clang-1000.11.45.5)

END.
